<?xml version="1.0" encoding="UTF-8"?>
<!-- Generated by org.testng.reporters.JUnitReportReporter -->
<testsuite hostname="LAPTOP-VBB4QLS0" failures="0" tests="1" name="com.qa.problems.Problem1" time="1.685" errors="0" timestamp="2023-09-24T14:05:28 CDT" skipped="0">
  <testcase classname="com.qa.problems.Problem1" name="excelReader" time="1.685"/>
  <system-out/>
</testsuite> <!-- com.qa.problems.Problem1 -->
