<?xml version="1.0" encoding="UTF-8"?>
<!-- Generated by org.testng.reporters.JUnitReportReporter -->
<testsuite hostname="LAPTOP-VBB4QLS0" failures="0" tests="1" name="com.qa.testrunner.Problem2" time="53.888" errors="0" timestamp="2023-09-17T09:42:38 CDT" skipped="0">
  <testcase classname="com.qa.testrunner.Problem2" name="MakeMyTrip" time="53.888"/>
  <system-out/>
</testsuite> <!-- com.qa.testrunner.Problem2 -->
